default 2

# define colours
set black=0 && set blue=1 && set green=2 && set cyan=3 && set red=4 && set magenta=5 && set brown=6 && set lgray=7 && set lgrey=7
set dgrey=8 && set dgray=8 && set lblue=9 && set lgreen=A && set lcyan=B && set lred=C && set lmagenta=D && set yellow=E && set white=F
#colors set in pairs background+foreground (if splashimage then only highlight and standard console text have a background colour - all rest use transparent background)

color normal=0x%brown%%yellow% highlight=0x%lblue%%blue% helptext=0x%green%%lgreen% heading=0x%brown%%yellow% standard=0x%black%%lcyan% border=0x%lgrey%

#remove any previous splashimage
splashimage

if "%COL%"=="" set COL=FFFFFF

echo Setting Foreground=%COL% && pause --wait=1 > nul
if not "%COL%"=="" color normal 0x%COL%

title Normal colour = 0x%COL%\n
root ()

title \n
root ()

title Main Menu \nHELP TEXT
set COL=
configfile /grub/allmenus.lst

title Reload this menu
set COL=
configfile /grub/Menu0.lst

title Show all colour combinations
echo -h
pause
configfile /grub/Menu0.lst

title reboot
reboot

title Set normal menu text colour (RRGGBB)\n (e.g. 00FF00 for 100%% green)
if not "%COL%"=="" echo Current colour = %COL%
set /p COL=Enter RRGGBB hex number for Foreground colour : 
clear
echo Using normal colour of 0x%COL%
configfile /grub/Menu0.lst


